[INFO ] 2020-05-10 19:50:25.275 [main] Steps - **************Launching browser************************
[INFO ] 2020-05-10 19:50:25.317 [main] Steps - ********************Opening URL************************
[INFO ] 2020-05-10 19:50:32.419 [main] Steps - ***********************Providing Login details*****************
[INFO ] 2020-05-10 19:50:49.943 [main] Steps - **************Launching browser************************
[INFO ] 2020-05-10 19:50:49.945 [main] Steps - ********************Opening URL************************
[INFO ] 2020-05-10 19:51:13.208 [main] Steps - **************Launching browser************************
[INFO ] 2020-05-10 19:51:13.210 [main] Steps - ********************Opening URL************************
[INFO ] 2020-05-10 20:07:19.998 [main] Steps - **************Launching browser************************
[INFO ] 2020-05-10 20:07:20.044 [main] Steps - ********************Opening URL************************
[INFO ] 2020-05-10 20:07:25.751 [main] Steps - ***********************Providing Login details*****************
[INFO ] 2020-05-10 20:07:26.130 [main] Steps - **********************Started login***************************
[INFO ] 2020-05-10 20:07:33.396 [main] Steps - *********************Verifying Dashboard title page*************************
[INFO ] 2020-05-10 20:07:44.443 [main] Steps - **************Launching browser************************
[INFO ] 2020-05-10 20:07:44.445 [main] Steps - ********************Opening URL************************
[INFO ] 2020-05-10 20:07:50.017 [main] Steps - **********************Providing Loging details from scenario example***********************
[INFO ] 2020-05-10 20:07:50.422 [main] Steps - **********************Started login***************************
[INFO ] 2020-05-10 20:07:58.038 [main] Steps - *********************Verifying Dashboard title page*************************
[INFO ] 2020-05-10 20:08:02.357 [main] Steps - *********************Verifying Dashboard title page*************************
[INFO ] 2020-05-10 20:08:09.176 [main] Steps - **************Launching browser************************
[INFO ] 2020-05-10 20:08:09.178 [main] Steps - ********************Opening URL************************
[INFO ] 2020-05-10 20:08:14.973 [main] Steps - **********************Providing Loging details from scenario example***********************
[INFO ] 2020-05-10 20:08:15.361 [main] Steps - **********************Started login***************************
[INFO ] 2020-05-10 20:08:18.469 [main] Steps - *********************Verifying Dashboard title page*************************
[INFO ] 2020-05-11 00:01:08.112 [main] Steps - **************Launching browser************************
[INFO ] 2020-05-11 00:01:08.235 [main] Steps - ********************Opening URL************************
[INFO ] 2020-05-11 00:01:14.283 [main] Steps - ***********************Providing Login details*****************
[INFO ] 2020-05-11 00:01:14.890 [main] Steps - **********************Started login***************************
[INFO ] 2020-05-11 00:01:23.928 [main] Steps - *********************Verifying Dashboard title page*************************
[INFO ] 2020-05-11 00:01:35.152 [main] Steps - **************Launching browser************************
[INFO ] 2020-05-11 00:01:35.154 [main] Steps - ********************Opening URL************************
[INFO ] 2020-05-11 00:01:41.162 [main] Steps - **********************Providing Login details from scenario example***********************
[INFO ] 2020-05-11 00:01:41.515 [main] Steps - **********************Started login***************************
[INFO ] 2020-05-11 00:01:48.763 [main] Steps - *********************Verifying Dashboard title page*************************
[INFO ] 2020-05-11 00:01:53.183 [main] Steps - *********************Verifying Dashboard title page*************************
[INFO ] 2020-05-11 00:01:59.865 [main] Steps - **************Launching browser************************
[INFO ] 2020-05-11 00:01:59.868 [main] Steps - ********************Opening URL************************
[INFO ] 2020-05-11 00:02:05.199 [main] Steps - **********************Providing Login details from scenario example***********************
[INFO ] 2020-05-11 00:02:05.601 [main] Steps - **********************Started login***************************
[INFO ] 2020-05-11 00:02:08.712 [main] Steps - *********************Verifying Dashboard title page*************************
[INFO ] 2020-05-11 00:27:38.509 [main] Steps - **************Launching browser************************
[INFO ] 2020-05-11 00:27:39.067 [main] Steps - ********************Opening URL************************
[INFO ] 2020-05-11 00:27:43.425 [main] Steps - ***********************Providing Login details*****************
[INFO ] 2020-05-11 00:27:43.744 [main] Steps - **********************Started login***************************
[INFO ] 2020-05-11 00:28:31.830 [main] Steps - **************Launching browser************************
[INFO ] 2020-05-11 00:28:31.833 [main] Steps - ********************Opening URL************************
[INFO ] 2020-05-11 00:28:35.298 [main] Steps - ***********************Providing Login details*****************
[INFO ] 2020-05-11 00:28:35.496 [main] Steps - **********************Started login***************************
[INFO ] 2020-05-11 00:29:13.980 [main] Steps - **************Launching browser************************
[INFO ] 2020-05-11 00:29:13.984 [main] Steps - ********************Opening URL************************
[INFO ] 2020-05-11 00:29:18.974 [main] Steps - ***********************Providing Login details*****************
[INFO ] 2020-05-11 00:29:19.315 [main] Steps - **********************Started login***************************
[INFO ] 2020-05-11 00:29:28.447 [main] Steps - *********************Verifying Dashboard title page*************************
[INFO ] 2020-05-11 00:29:52.276 [main] Steps - **************Launching browser************************
[INFO ] 2020-05-11 00:29:52.278 [main] Steps - ********************Opening URL************************
[INFO ] 2020-05-11 00:29:58.215 [main] Steps - **********************Providing Login details from scenario example***********************
[INFO ] 2020-05-11 00:29:58.414 [main] Steps - **********************Started login***************************
[INFO ] 2020-05-11 00:30:06.498 [main] Steps - *********************Verifying Dashboard title page*************************
[INFO ] 2020-05-11 00:30:10.877 [main] Steps - *********************Verifying Dashboard title page*************************
[INFO ] 2020-05-11 00:30:28.062 [main] Steps - **************Launching browser************************
[INFO ] 2020-05-11 00:30:28.067 [main] Steps - ********************Opening URL************************
[INFO ] 2020-05-11 00:30:32.738 [main] Steps - **********************Providing Login details from scenario example***********************
[INFO ] 2020-05-11 00:30:32.907 [main] Steps - **********************Started login***************************
[INFO ] 2020-05-11 00:30:36.204 [main] Steps - *********************Verifying Dashboard title page*************************
[INFO ] 2020-05-11 00:37:55.243 [main] Steps - **************Launching browser************************
[INFO ] 2020-05-11 00:37:55.914 [main] Steps - ********************Opening URL************************
[INFO ] 2020-05-11 00:38:01.983 [main] Steps - ***********************Providing Login details*****************
[INFO ] 2020-05-11 00:38:02.387 [main] Steps - **********************Started login***************************
[INFO ] 2020-05-11 00:40:05.155 [main] Steps - **************Launching browser************************
[INFO ] 2020-05-11 00:40:05.158 [main] Steps - ********************Opening URL************************
[INFO ] 2020-05-11 00:40:16.662 [main] Steps - ***********************Providing Login details*****************
[INFO ] 2020-05-11 00:40:17.061 [main] Steps - **********************Started login***************************
[INFO ] 2020-05-11 00:40:39.579 [main] Steps - **************Launching browser************************
[INFO ] 2020-05-11 00:40:39.582 [main] Steps - ********************Opening URL************************
[INFO ] 2020-05-11 00:40:45.900 [main] Steps - ***********************Providing Login details*****************
[INFO ] 2020-05-11 00:40:46.392 [main] Steps - **********************Started login***************************
[INFO ] 2020-05-11 00:42:57.216 [main] Steps - **************Launching browser************************
[INFO ] 2020-05-11 00:42:57.436 [main] Steps - ********************Opening URL************************
[INFO ] 2020-05-11 00:43:06.152 [main] Steps - ***********************Providing Login details*****************
[INFO ] 2020-05-11 00:43:06.899 [main] Steps - **********************Started login***************************
[INFO ] 2020-05-11 00:44:56.967 [main] Steps - **************Launching browser************************
[INFO ] 2020-05-11 00:44:56.970 [main] Steps - ********************Opening URL************************
[INFO ] 2020-05-11 00:45:02.572 [main] Steps - ***********************Providing Login details*****************
[INFO ] 2020-05-11 00:45:02.915 [main] Steps - **********************Started login***************************
[INFO ] 2020-05-11 00:45:35.667 [main] Steps - **************Launching browser************************
[INFO ] 2020-05-11 00:45:35.670 [main] Steps - ********************Opening URL************************
[INFO ] 2020-05-11 00:45:42.843 [main] Steps - ***********************Providing Login details*****************
[INFO ] 2020-05-11 00:45:43.327 [main] Steps - **********************Started login***************************
[INFO ] 2020-05-11 00:46:11.632 [main] Steps - **************Launching browser************************
[INFO ] 2020-05-11 00:46:11.634 [main] Steps - ********************Opening URL************************
[INFO ] 2020-05-11 00:46:17.018 [main] Steps - ***********************Providing Login details*****************
[INFO ] 2020-05-11 00:46:17.481 [main] Steps - **********************Started login***************************
[INFO ] 2020-05-11 00:46:25.770 [main] Steps - *********************Verifying Dashboard title page*************************
[INFO ] 2020-05-11 00:46:38.159 [main] Steps - **************Launching browser************************
[INFO ] 2020-05-11 00:46:38.162 [main] Steps - ********************Opening URL************************
[INFO ] 2020-05-11 00:46:47.208 [main] Steps - **********************Providing Login details from scenario example***********************
[INFO ] 2020-05-11 00:46:47.556 [main] Steps - **********************Started login***************************
[INFO ] 2020-05-11 00:46:59.023 [main] Steps - *********************Verifying Dashboard title page*************************
[INFO ] 2020-05-11 00:47:04.443 [main] Steps - *********************Verifying Dashboard title page*************************
[INFO ] 2020-05-11 00:47:10.973 [main] Steps - **************Launching browser************************
[INFO ] 2020-05-11 00:47:10.976 [main] Steps - ********************Opening URL************************
[INFO ] 2020-05-11 00:47:26.586 [main] Steps - **********************Providing Login details from scenario example***********************
[INFO ] 2020-05-11 00:47:26.956 [main] Steps - **********************Started login***************************
[INFO ] 2020-05-11 00:47:30.041 [main] Steps - *********************Verifying Dashboard title page*************************
[INFO ] 2020-05-11 10:21:37.078 [main] Steps - **************Launching browser************************
[INFO ] 2020-05-11 10:21:38.123 [main] Steps - ********************Opening URL************************
[INFO ] 2020-05-11 10:21:47.180 [main] Steps - ***********************Providing Login details***********************
[INFO ] 2020-05-11 10:21:47.737 [main] Steps - **********************Started login***************************
[INFO ] 2020-05-11 10:23:30.840 [main] Steps - **********************************Closing the browser******************************
[INFO ] 2020-05-11 10:23:37.413 [main] Steps - **************Launching browser************************
[INFO ] 2020-05-11 10:23:37.416 [main] Steps - ********************Opening URL************************
[INFO ] 2020-05-11 10:23:42.946 [main] Steps - ***********************Providing Login details***********************
[INFO ] 2020-05-11 10:23:43.356 [main] Steps - **********************Started login***************************
[INFO ] 2020-05-11 10:24:01.498 [main] Steps - **********************************Closing the browser******************************
[INFO ] 2020-05-11 10:24:07.869 [main] Steps - **************Launching browser************************
[INFO ] 2020-05-11 10:24:07.873 [main] Steps - ********************Opening URL************************
[INFO ] 2020-05-11 10:24:13.212 [main] Steps - ***********************Providing Login details***********************
[INFO ] 2020-05-11 10:24:13.595 [main] Steps - **********************Started login***************************
[INFO ] 2020-05-11 10:24:21.797 [main] Steps - *********************Verifying Dashboard title page*************************
[INFO ] 2020-05-11 10:24:21.806 [main] Steps - ***********************Logging out****************************
[INFO ] 2020-05-11 10:24:26.314 [main] Steps - **************************Verifying logout title****************************
[INFO ] 2020-05-11 10:24:26.320 [main] Steps - **********************************Closing the browser******************************
[INFO ] 2020-05-11 10:26:36.229 [main] Steps - **************Launching browser************************
[INFO ] 2020-05-11 10:26:36.274 [main] Steps - ********************Opening URL************************
[INFO ] 2020-05-11 10:26:41.455 [main] Steps - ***********************Providing Login details***********************
[INFO ] 2020-05-11 10:26:41.869 [main] Steps - **********************Started login***************************
[INFO ] 2020-05-11 10:27:00.336 [main] Steps - **********************************Closing the browser******************************
[INFO ] 2020-05-11 10:27:06.637 [main] Steps - **************Launching browser************************
[INFO ] 2020-05-11 10:27:06.639 [main] Steps - ********************Opening URL************************
[INFO ] 2020-05-11 10:27:11.931 [main] Steps - **********************Providing Login details from scenario example***********************
[INFO ] 2020-05-11 10:27:12.278 [main] Steps - **********************Started login***************************
[INFO ] 2020-05-11 10:27:21.065 [main] Steps - *********************Verifying Dashboard title page*************************
[INFO ] 2020-05-11 10:27:21.075 [main] Steps - ***********************Logging out****************************
[INFO ] 2020-05-11 10:27:25.280 [main] Steps - *********************Verifying Dashboard title page*************************
[INFO ] 2020-05-11 10:27:25.287 [main] Steps - **********************************Closing the browser******************************
[INFO ] 2020-05-11 10:27:31.508 [main] Steps - **************Launching browser************************
[INFO ] 2020-05-11 10:27:31.512 [main] Steps - ********************Opening URL************************
[INFO ] 2020-05-11 10:27:36.645 [main] Steps - **********************Providing Login details from scenario example***********************
[INFO ] 2020-05-11 10:27:37.215 [main] Steps - **********************Started login***************************
[INFO ] 2020-05-11 10:27:40.334 [main] Steps - *********************Verifying Dashboard title page*************************
[INFO ] 2020-05-11 10:29:43.862 [main] Steps - **************Launching browser************************
[INFO ] 2020-05-11 10:29:43.908 [main] Steps - ********************Opening URL************************
[INFO ] 2020-05-11 10:29:49.465 [main] Steps - ***********************Providing Login details***********************
[INFO ] 2020-05-11 10:29:49.902 [main] Steps - **********************Started login***************************
[INFO ] 2020-05-11 10:36:59.639 [main] Steps - **************Launching browser************************
[INFO ] 2020-05-11 10:36:59.710 [main] Steps - ********************Opening URL************************
[INFO ] 2020-05-11 10:37:04.969 [main] Steps - ***********************Providing Login details***********************
[INFO ] 2020-05-11 10:37:05.464 [main] Steps - **********************Started login***************************
[INFO ] 2020-05-11 10:38:31.173 [main] Steps - **********************************Closing the browser******************************
[INFO ] 2020-05-11 10:38:37.724 [main] Steps - **************Launching browser************************
[INFO ] 2020-05-11 10:38:37.727 [main] Steps - ********************Opening URL************************
[INFO ] 2020-05-11 10:38:43.021 [main] Steps - ***********************Providing Login details***********************
[INFO ] 2020-05-11 10:38:43.471 [main] Steps - **********************Started login***************************
[INFO ] 2020-05-11 10:39:00.477 [main] Steps - **********************************Closing the browser******************************
[INFO ] 2020-05-11 10:39:06.843 [main] Steps - **************Launching browser************************
[INFO ] 2020-05-11 10:39:06.847 [main] Steps - ********************Opening URL************************
[INFO ] 2020-05-11 10:39:12.117 [main] Steps - ***********************Providing Login details***********************
[INFO ] 2020-05-11 10:39:12.569 [main] Steps - **********************Started login***************************
[INFO ] 2020-05-11 10:39:30.590 [main] Steps - **********************************Closing the browser******************************
[INFO ] 2020-05-11 10:39:36.914 [main] Steps - **************Launching browser************************
[INFO ] 2020-05-11 10:39:36.917 [main] Steps - ********************Opening URL************************
[INFO ] 2020-05-11 10:39:42.229 [main] Steps - ***********************Providing Login details***********************
[INFO ] 2020-05-11 10:39:42.626 [main] Steps - **********************Started login***************************
[INFO ] 2020-05-11 10:39:51.564 [main] Steps - *********************Verifying Dashboard title page*************************
[INFO ] 2020-05-11 10:39:51.571 [main] Steps - ***********************Logging out****************************
[INFO ] 2020-05-11 10:39:56.116 [main] Steps - **************************Verifying logout title****************************
[INFO ] 2020-05-11 10:39:56.123 [main] Steps - **********************************Closing the browser******************************
[INFO ] 2020-05-11 10:40:02.438 [main] Steps - **************Launching browser************************
[INFO ] 2020-05-11 10:40:02.441 [main] Steps - ********************Opening URL************************
[INFO ] 2020-05-11 10:40:07.732 [main] Steps - **********************Providing Login details from scenario example***********************
[INFO ] 2020-05-11 10:40:08.254 [main] Steps - **********************Started login***************************
[INFO ] 2020-05-11 10:40:16.848 [main] Steps - *********************Verifying Dashboard title page*************************
[INFO ] 2020-05-11 10:40:16.860 [main] Steps - ***********************Logging out****************************
[INFO ] 2020-05-11 10:40:21.390 [main] Steps - *********************Verifying Dashboard title page*************************
[INFO ] 2020-05-11 10:40:21.398 [main] Steps - **********************************Closing the browser******************************
[INFO ] 2020-05-11 10:40:27.946 [main] Steps - **************Launching browser************************
[INFO ] 2020-05-11 10:40:27.949 [main] Steps - ********************Opening URL************************
[INFO ] 2020-05-11 10:40:33.037 [main] Steps - **********************Providing Login details from scenario example***********************
[INFO ] 2020-05-11 10:40:33.515 [main] Steps - **********************Started login***************************
[INFO ] 2020-05-11 10:40:36.616 [main] Steps - *********************Verifying Dashboard title page*************************
[INFO ] 2020-05-11 12:35:36.889 [main] Steps - **************Launching browser************************
[INFO ] 2020-05-11 12:35:37.341 [main] Steps - ********************Opening URL************************
[INFO ] 2020-05-11 12:35:43.607 [main] Steps - ***********************Providing Login details***********************
[INFO ] 2020-05-11 12:35:44.134 [main] Steps - **********************Started login***************************
[INFO ] 2020-05-11 12:35:53.246 [main] Steps - *********************Verifying Dashboard title page*************************
[INFO ] 2020-05-11 12:35:53.277 [main] Steps - ***********************Logging out****************************
[INFO ] 2020-05-11 12:35:57.948 [main] Steps - **************************Verifying logout title****************************
[INFO ] 2020-05-11 12:35:57.955 [main] Steps - **********************************Closing the browser******************************
[INFO ] 2020-05-11 12:36:05.328 [main] Steps - **************Launching browser************************
[INFO ] 2020-05-11 12:36:05.331 [main] Steps - ********************Opening URL************************
[INFO ] 2020-05-11 12:36:10.615 [main] Steps - ***********************Providing Login details***********************
[INFO ] 2020-05-11 12:36:10.954 [main] Steps - **********************Started login***************************
[INFO ] 2020-05-11 12:36:19.760 [main] Steps - *********************Verifying Dashboard title page*************************
[INFO ] 2020-05-11 12:36:19.769 [main] Steps - ***********************Logging out****************************
[INFO ] 2020-05-11 12:36:25.433 [main] Steps - *********************Verifying Dashboard title page*************************
[INFO ] 2020-05-11 12:36:25.442 [main] Steps - **********************************Closing the browser******************************
[INFO ] 2020-05-11 12:36:33.832 [main] Steps - **************Launching browser************************
[INFO ] 2020-05-11 12:36:33.836 [main] Steps - ********************Opening URL************************
[INFO ] 2020-05-11 12:36:39.142 [main] Steps - ***********************Providing Login details***********************
[INFO ] 2020-05-11 12:36:39.593 [main] Steps - **********************Started login***************************
[INFO ] 2020-05-11 12:36:42.709 [main] Steps - *********************Verifying Dashboard title page*************************
[INFO ] 2020-05-11 14:57:29.531 [main] Steps - **************Launching browser************************
[INFO ] 2020-05-11 14:57:32.004 [main] Steps - ********************Opening URL************************
[INFO ] 2020-05-11 14:57:41.607 [main] Steps - ***********************Providing Login details***********************
[INFO ] 2020-05-11 14:57:42.301 [main] Steps - **********************Started login***************************
[INFO ] 2020-05-11 14:58:12.463 [main] Steps - ***********************Provinding customer info******************************
[INFO ] 2020-05-11 14:59:29.430 [main] Steps - **************************Verifying customer added confirmation msg*************************
[INFO ] 2020-05-11 14:59:31.126 [main] Steps - **********************************Closing the browser******************************
[INFO ] 2020-05-11 14:59:43.142 [main] Steps - **************Launching browser************************
[INFO ] 2020-05-11 14:59:43.146 [main] Steps - ********************Opening URL************************
[INFO ] 2020-05-11 14:59:49.292 [main] Steps - ***********************Providing Login details***********************
[INFO ] 2020-05-11 14:59:49.894 [main] Steps - **********************Started login***************************
[INFO ] 2020-05-11 15:00:13.856 [main] Steps - ********************Providing customer email*************************
[INFO ] 2020-05-11 15:00:23.244 [main] Steps - ***************************Searched email is successfull***************************
[INFO ] 2020-05-11 15:00:23.302 [main] Steps - **********************************Closing the browser******************************
[INFO ] 2020-05-11 15:00:35.560 [main] Steps - **************Launching browser************************
[INFO ] 2020-05-11 15:00:35.566 [main] Steps - ********************Opening URL************************
[INFO ] 2020-05-11 15:00:44.481 [main] Steps - ***********************Providing Login details***********************
[INFO ] 2020-05-11 15:00:45.060 [main] Steps - **********************Started login***************************
[INFO ] 2020-05-11 15:01:07.088 [main] Steps - **********************Providing first name****************************
[INFO ] 2020-05-11 15:01:07.382 [main] Steps - ***********************Providing last name***************************
[INFO ] 2020-05-11 15:01:10.824 [main] Steps - **********************Searched name is successfull************************
[INFO ] 2020-05-11 15:01:10.962 [main] Steps - **********************************Closing the browser******************************
[INFO ] 2020-05-11 15:01:19.330 [main] Steps - **************Launching browser************************
[INFO ] 2020-05-11 15:01:19.334 [main] Steps - ********************Opening URL************************
[INFO ] 2020-05-11 15:01:24.774 [main] Steps - ***********************Providing Login details***********************
[INFO ] 2020-05-11 15:01:25.330 [main] Steps - **********************Started login***************************
[INFO ] 2020-05-11 15:01:36.775 [main] Steps - *********************Verifying Dashboard title page*************************
[INFO ] 2020-05-11 15:01:36.784 [main] Steps - ***********************Logging out****************************
[INFO ] 2020-05-11 15:01:41.363 [main] Steps - **************************Verifying logout title****************************
[INFO ] 2020-05-11 15:01:41.369 [main] Steps - *****************Logout page title matched*****************************
[INFO ] 2020-05-11 15:01:41.371 [main] Steps - **********************************Closing the browser******************************
[INFO ] 2020-05-11 15:01:48.277 [main] Steps - **************Launching browser************************
[INFO ] 2020-05-11 15:01:48.280 [main] Steps - ********************Opening URL************************
[INFO ] 2020-05-11 15:01:53.780 [main] Steps - ***********************Providing Login details***********************
[INFO ] 2020-05-11 15:01:54.396 [main] Steps - **********************Started login***************************
[INFO ] 2020-05-11 15:02:05.053 [main] Steps - *********************Verifying Dashboard title page*************************
[INFO ] 2020-05-11 15:02:05.079 [main] Steps - ***********************Logging out****************************
[INFO ] 2020-05-11 15:02:09.878 [main] Steps - *********************Verifying Dashboard title page*************************
[INFO ] 2020-05-11 15:02:09.893 [main] Steps - **********************************Closing the browser******************************
[INFO ] 2020-05-11 15:02:19.728 [main] Steps - **************Launching browser************************
[INFO ] 2020-05-11 15:02:19.732 [main] Steps - ********************Opening URL************************
[INFO ] 2020-05-11 15:02:25.535 [main] Steps - ***********************Providing Login details***********************
[INFO ] 2020-05-11 15:02:26.044 [main] Steps - **********************Started login***************************
[INFO ] 2020-05-11 15:02:29.232 [main] Steps - *********************Verifying Dashboard title page*************************
[INFO ] 2020-05-11 15:33:57.898 [main] Steps - **************Launching browser************************
[INFO ] 2020-05-11 15:33:58.236 [main] Steps - ********************Opening URL************************
[INFO ] 2020-05-11 15:34:12.243 [main] Steps - ***********************Providing Login details***********************
[INFO ] 2020-05-11 15:34:13.333 [main] Steps - **********************Started login***************************
[INFO ] 2020-05-11 15:34:32.182 [main] Steps - ***********************Provinding customer info******************************
[INFO ] 2020-05-11 15:35:44.934 [main] Steps - **************************Verifying customer added confirmation msg*************************
[INFO ] 2020-05-11 15:35:45.605 [main] Steps - **********************************Closing the browser******************************
[INFO ] 2020-05-11 15:35:52.348 [main] Steps - **************Launching browser************************
[INFO ] 2020-05-11 15:35:52.352 [main] Steps - ********************Opening URL************************
[INFO ] 2020-05-11 15:35:58.457 [main] Steps - ***********************Providing Login details***********************
[INFO ] 2020-05-11 15:35:59.112 [main] Steps - **********************Started login***************************
[INFO ] 2020-05-11 15:36:15.086 [main] Steps - ********************Providing customer email*************************
[INFO ] 2020-05-11 15:36:18.766 [main] Steps - ***************************Searched email is successfull***************************
[INFO ] 2020-05-11 15:36:18.835 [main] Steps - **********************************Closing the browser******************************
[INFO ] 2020-05-11 15:36:25.628 [main] Steps - **************Launching browser************************
[INFO ] 2020-05-11 15:36:25.632 [main] Steps - ********************Opening URL************************
[INFO ] 2020-05-11 15:36:31.007 [main] Steps - ***********************Providing Login details***********************
[INFO ] 2020-05-11 15:36:31.494 [main] Steps - **********************Started login***************************
[INFO ] 2020-05-11 15:36:47.277 [main] Steps - **********************Providing first name****************************
[INFO ] 2020-05-11 15:36:47.521 [main] Steps - ***********************Providing last name***************************
[INFO ] 2020-05-11 15:36:51.050 [main] Steps - **********************Searched name is successfull************************
[INFO ] 2020-05-11 15:36:51.161 [main] Steps - **********************************Closing the browser******************************
[INFO ] 2020-05-11 15:36:57.722 [main] Steps - **************Launching browser************************
[INFO ] 2020-05-11 15:36:57.727 [main] Steps - ********************Opening URL************************
[INFO ] 2020-05-11 15:37:04.246 [main] Steps - ***********************Providing Login details***********************
[INFO ] 2020-05-11 15:37:04.791 [main] Steps - **********************Started login***************************
[INFO ] 2020-05-11 15:37:13.722 [main] Steps - *********************Verifying Dashboard title page*************************
[INFO ] 2020-05-11 15:37:13.734 [main] Steps - ***********************Logging out****************************
[INFO ] 2020-05-11 15:37:17.825 [main] Steps - **************************Verifying logout title****************************
[INFO ] 2020-05-11 15:37:17.831 [main] Steps - *****************Logout page title matched*****************************
[INFO ] 2020-05-11 15:37:17.833 [main] Steps - **********************************Closing the browser******************************
[INFO ] 2020-05-11 15:37:24.266 [main] Steps - **************Launching browser************************
[INFO ] 2020-05-11 15:37:24.269 [main] Steps - ********************Opening URL************************
[INFO ] 2020-05-11 15:37:29.750 [main] Steps - ***********************Providing Login details***********************
[INFO ] 2020-05-11 15:37:30.479 [main] Steps - **********************Started login***************************
[INFO ] 2020-05-11 15:37:39.429 [main] Steps - *********************Verifying Dashboard title page*************************
[INFO ] 2020-05-11 15:37:39.446 [main] Steps - ***********************Logging out****************************
[INFO ] 2020-05-11 15:37:43.926 [main] Steps - *********************Verifying Dashboard title page*************************
[INFO ] 2020-05-11 15:37:43.939 [main] Steps - **********************************Closing the browser******************************
[INFO ] 2020-05-11 15:37:50.641 [main] Steps - **************Launching browser************************
[INFO ] 2020-05-11 15:37:50.646 [main] Steps - ********************Opening URL************************
[INFO ] 2020-05-11 15:37:56.034 [main] Steps - ***********************Providing Login details***********************
[INFO ] 2020-05-11 15:37:56.582 [main] Steps - **********************Started login***************************
[INFO ] 2020-05-11 15:37:59.709 [main] Steps - *********************Verifying Dashboard title page*************************
[INFO ] 2020-05-11 16:12:20.409 [main] Steps - **************Launching browser************************
[INFO ] 2020-05-11 16:12:20.480 [main] Steps - ********************Opening URL************************
[INFO ] 2020-05-11 16:12:26.337 [main] Steps - ***********************Providing Login details***********************
[INFO ] 2020-05-11 16:12:26.777 [main] Steps - **********************Started login***************************
[INFO ] 2020-05-11 16:12:45.527 [main] Steps - ***********************Provinding customer info******************************
[INFO ] 2020-05-11 16:13:58.783 [main] Steps - **************************Verifying customer added confirmation msg*************************
[INFO ] 2020-05-11 16:13:59.503 [main] Steps - **********************************Closing the browser******************************
[INFO ] 2020-05-11 16:14:06.216 [main] Steps - **************Launching browser************************
[INFO ] 2020-05-11 16:14:06.220 [main] Steps - ********************Opening URL************************
[INFO ] 2020-05-11 16:14:11.811 [main] Steps - ***********************Providing Login details***********************
[INFO ] 2020-05-11 16:14:12.322 [main] Steps - **********************Started login***************************
[INFO ] 2020-05-11 16:14:26.918 [main] Steps - ********************Providing customer email*************************
[INFO ] 2020-05-11 16:14:30.892 [main] Steps - ***************************Searched email is successfull***************************
[INFO ] 2020-05-11 16:14:30.971 [main] Steps - **********************************Closing the browser******************************
[INFO ] 2020-05-11 16:14:37.533 [main] Steps - **************Launching browser************************
[INFO ] 2020-05-11 16:14:37.539 [main] Steps - ********************Opening URL************************
[INFO ] 2020-05-11 16:14:42.963 [main] Steps - ***********************Providing Login details***********************
[INFO ] 2020-05-11 16:14:43.568 [main] Steps - **********************Started login***************************
[INFO ] 2020-05-11 16:15:00.778 [main] Steps - **********************Providing first name****************************
[INFO ] 2020-05-11 16:15:01.046 [main] Steps - ***********************Providing last name***************************
[INFO ] 2020-05-11 16:15:04.464 [main] Steps - **********************Searched name is successfull************************
[INFO ] 2020-05-11 16:15:04.531 [main] Steps - **********************************Closing the browser******************************
[INFO ] 2020-05-11 16:15:13.266 [main] Steps - **************Launching browser************************
[INFO ] 2020-05-11 16:15:13.269 [main] Steps - ********************Opening URL************************
[INFO ] 2020-05-11 16:15:18.700 [main] Steps - ***********************Providing Login details***********************
[INFO ] 2020-05-11 16:15:19.203 [main] Steps - **********************Started login***************************
[INFO ] 2020-05-11 16:15:28.564 [main] Steps - *********************Verifying Dashboard title page*************************
[INFO ] 2020-05-11 16:15:28.580 [main] Steps - ***********************Logging out****************************
[INFO ] 2020-05-11 16:15:32.957 [main] Steps - **************************Verifying logout title****************************
[INFO ] 2020-05-11 16:15:32.965 [main] Steps - *****************Logout page title matched*****************************
[INFO ] 2020-05-11 16:15:32.967 [main] Steps - **********************************Closing the browser******************************
[INFO ] 2020-05-11 16:15:39.490 [main] Steps - **************Launching browser************************
[INFO ] 2020-05-11 16:15:39.494 [main] Steps - ********************Opening URL************************
[INFO ] 2020-05-11 16:15:44.833 [main] Steps - ***********************Providing Login details***********************
[INFO ] 2020-05-11 16:15:45.604 [main] Steps - **********************Started login***************************
[INFO ] 2020-05-11 16:15:54.510 [main] Steps - *********************Verifying Dashboard title page*************************
[INFO ] 2020-05-11 16:15:54.522 [main] Steps - ***********************Logging out****************************
[INFO ] 2020-05-11 16:15:58.924 [main] Steps - *********************Verifying Dashboard title page*************************
[INFO ] 2020-05-11 16:15:58.932 [main] Steps - **********************************Closing the browser******************************
[INFO ] 2020-05-11 16:16:05.627 [main] Steps - **************Launching browser************************
[INFO ] 2020-05-11 16:16:05.631 [main] Steps - ********************Opening URL************************
[INFO ] 2020-05-11 16:16:10.893 [main] Steps - ***********************Providing Login details***********************
[INFO ] 2020-05-11 16:16:11.329 [main] Steps - **********************Started login***************************
[INFO ] 2020-05-11 16:16:19.659 [main] Steps - *********************Verifying Dashboard title page*************************
[INFO ] 2020-05-11 16:16:19.675 [main] Steps - ***********************Logging out****************************
[INFO ] 2020-05-11 16:16:23.929 [main] Steps - *********************Verifying Dashboard title page*************************
[INFO ] 2020-05-11 16:16:23.942 [main] Steps - **********************************Closing the browser******************************
[INFO ] 2020-05-11 18:39:16.291 [main] Steps - **************Launching browser************************
[INFO ] 2020-05-11 18:39:16.438 [main] Steps - ********************Opening URL************************
[INFO ] 2020-05-11 18:39:22.166 [main] Steps - ***********************Providing Login details***********************
[INFO ] 2020-05-11 18:39:22.697 [main] Steps - **********************Started login***************************
[INFO ] 2020-05-11 18:39:48.151 [main] Steps - ***********************Provinding customer info******************************
[INFO ] 2020-05-11 18:40:59.540 [main] Steps - **************************Verifying customer added confirmation msg*************************
[INFO ] 2020-05-11 18:41:00.158 [main] Steps - **********************************Closing the browser******************************
[INFO ] 2020-05-11 18:41:06.675 [main] Steps - **************Launching browser************************
[INFO ] 2020-05-11 18:41:06.678 [main] Steps - ********************Opening URL************************
[INFO ] 2020-05-11 18:41:12.185 [main] Steps - ***********************Providing Login details***********************
[INFO ] 2020-05-11 18:41:12.676 [main] Steps - **********************Started login***************************
[INFO ] 2020-05-11 18:41:28.856 [main] Steps - ********************Providing customer email*************************
[INFO ] 2020-05-11 18:41:32.473 [main] Steps - ***************************Searched email is successfull***************************
[INFO ] 2020-05-11 18:41:32.523 [main] Steps - **********************************Closing the browser******************************
[INFO ] 2020-05-11 18:41:38.733 [main] Steps - **************Launching browser************************
[INFO ] 2020-05-11 18:41:38.738 [main] Steps - ********************Opening URL************************
[INFO ] 2020-05-11 18:41:44.282 [main] Steps - ***********************Providing Login details***********************
[INFO ] 2020-05-11 18:41:44.708 [main] Steps - **********************Started login***************************
[INFO ] 2020-05-11 18:41:59.193 [main] Steps - **********************Providing first name****************************
[INFO ] 2020-05-11 18:41:59.387 [main] Steps - ***********************Providing last name***************************
[INFO ] 2020-05-11 18:42:02.752 [main] Steps - **********************Searched name is successfull************************
[INFO ] 2020-05-11 18:42:02.807 [main] Steps - **********************************Closing the browser******************************
[INFO ] 2020-05-11 18:42:09.189 [main] Steps - **************Launching browser************************
[INFO ] 2020-05-11 18:42:09.192 [main] Steps - ********************Opening URL************************
[INFO ] 2020-05-11 18:42:14.651 [main] Steps - ***********************Providing Login details***********************
[INFO ] 2020-05-11 18:42:15.078 [main] Steps - **********************Started login***************************
[INFO ] 2020-05-11 18:42:23.227 [main] Steps - *********************Verifying Dashboard title page*************************
[INFO ] 2020-05-11 18:42:23.235 [main] Steps - ***********************Logging out****************************
[INFO ] 2020-05-11 18:42:27.679 [main] Steps - **************************Verifying logout title****************************
[INFO ] 2020-05-11 18:42:27.685 [main] Steps - *****************Logout page title matched*****************************
[INFO ] 2020-05-11 18:42:27.686 [main] Steps - **********************************Closing the browser******************************
[INFO ] 2020-05-11 18:42:33.823 [main] Steps - **************Launching browser************************
[INFO ] 2020-05-11 18:42:33.826 [main] Steps - ********************Opening URL************************
[INFO ] 2020-05-11 18:42:39.120 [main] Steps - ***********************Providing Login details***********************
[INFO ] 2020-05-11 18:42:39.588 [main] Steps - **********************Started login***************************
[INFO ] 2020-05-11 18:42:47.677 [main] Steps - *********************Verifying Dashboard title page*************************
[INFO ] 2020-05-11 18:42:47.695 [main] Steps - ***********************Logging out****************************
[INFO ] 2020-05-11 18:42:52.033 [main] Steps - *********************Verifying Dashboard title page*************************
[INFO ] 2020-05-11 18:42:52.041 [main] Steps - **********************************Closing the browser******************************
[INFO ] 2020-05-11 18:42:58.304 [main] Steps - **************Launching browser************************
[INFO ] 2020-05-11 18:42:58.307 [main] Steps - ********************Opening URL************************
[INFO ] 2020-05-11 18:43:03.796 [main] Steps - ***********************Providing Login details***********************
[INFO ] 2020-05-11 18:43:04.303 [main] Steps - **********************Started login***************************
[INFO ] 2020-05-11 18:43:13.151 [main] Steps - *********************Verifying Dashboard title page*************************
[INFO ] 2020-05-11 18:43:13.160 [main] Steps - ***********************Logging out****************************
[INFO ] 2020-05-11 18:43:17.677 [main] Steps - *********************Verifying Dashboard title page*************************
[INFO ] 2020-05-11 18:43:17.690 [main] Steps - **********************************Closing the browser******************************
[INFO ] 2020-05-13 10:59:01.683 [main] Steps - **************Launching browser************************
[INFO ] 2020-05-13 10:59:01.954 [main] Steps - ********************Opening URL************************
[INFO ] 2020-05-13 10:59:09.526 [main] Steps - ***********************Providing Login details***********************
[INFO ] 2020-05-13 10:59:10.194 [main] Steps - **********************Started login***************************
[INFO ] 2020-05-13 10:59:24.166 [main] Steps - *********************Verifying Dashboard title page*************************
[INFO ] 2020-05-13 10:59:24.172 [main] Steps - ***********************Logging out****************************
[INFO ] 2020-05-13 10:59:28.265 [main] Steps - **************************Verifying logout title****************************
[INFO ] 2020-05-13 10:59:28.271 [main] Steps - *****************Logout page title matched*****************************
[INFO ] 2020-05-13 10:59:28.273 [main] Steps - **********************************Closing the browser******************************
[INFO ] 2020-05-13 10:59:38.188 [main] Steps - **************Launching browser************************
[INFO ] 2020-05-13 10:59:38.190 [main] Steps - ********************Opening URL************************
[INFO ] 2020-05-13 10:59:43.776 [main] Steps - ***********************Providing Login details***********************
[INFO ] 2020-05-13 10:59:44.381 [main] Steps - **********************Started login***************************
[INFO ] 2020-05-13 10:59:53.055 [main] Steps - *********************Verifying Dashboard title page*************************
[INFO ] 2020-05-13 10:59:53.062 [main] Steps - ***********************Logging out****************************
[INFO ] 2020-05-13 10:59:58.660 [main] Steps - *********************Verifying Dashboard title page*************************
[INFO ] 2020-05-13 10:59:58.666 [main] Steps - **********************************Closing the browser******************************
[INFO ] 2020-05-13 11:00:07.948 [main] Steps - **************Launching browser************************
[INFO ] 2020-05-13 11:00:07.950 [main] Steps - ********************Opening URL************************
[INFO ] 2020-05-13 11:00:13.546 [main] Steps - ***********************Providing Login details***********************
[INFO ] 2020-05-13 11:00:13.934 [main] Steps - **********************Started login***************************
[INFO ] 2020-05-13 11:00:17.431 [main] Steps - *********************Verifying Dashboard title page*************************
[INFO ] 2020-05-13 11:08:56.327 [main] Steps - **************Launching browser************************
[INFO ] 2020-05-13 11:08:56.371 [main] Steps - ********************Opening URL************************
[INFO ] 2020-05-13 11:09:01.888 [main] Steps - ***********************Providing Login details***********************
[INFO ] 2020-05-13 11:09:02.234 [main] Steps - **********************Started login***************************
[INFO ] 2020-05-13 11:09:10.653 [main] Steps - *********************Verifying Dashboard title page*************************
[INFO ] 2020-05-13 11:09:10.663 [main] Steps - ***********************Logging out****************************
[INFO ] 2020-05-13 11:09:15.364 [main] Steps - **************************Verifying logout title****************************
[INFO ] 2020-05-13 11:09:15.370 [main] Steps - *****************Logout page title matched*****************************
[INFO ] 2020-05-13 11:09:15.371 [main] Steps - **********************************Closing the browser******************************
[INFO ] 2020-05-13 11:09:21.986 [main] Steps - **************Launching browser************************
[INFO ] 2020-05-13 11:09:21.988 [main] Steps - ********************Opening URL************************
[INFO ] 2020-05-13 11:09:26.932 [main] Steps - ***********************Providing Login details***********************
[INFO ] 2020-05-13 11:09:27.268 [main] Steps - **********************Started login***************************
[INFO ] 2020-05-13 11:09:34.693 [main] Steps - *********************Verifying Dashboard title page*************************
[INFO ] 2020-05-13 11:09:34.699 [main] Steps - ***********************Logging out****************************
[INFO ] 2020-05-13 11:09:39.812 [main] Steps - *********************Verifying Dashboard title page*************************
[INFO ] 2020-05-13 11:09:39.819 [main] Steps - **********************************Closing the browser******************************
[INFO ] 2020-05-13 11:09:46.756 [main] Steps - **************Launching browser************************
[INFO ] 2020-05-13 11:09:46.759 [main] Steps - ********************Opening URL************************
[INFO ] 2020-05-13 11:09:52.475 [main] Steps - ***********************Providing Login details***********************
[INFO ] 2020-05-13 11:09:52.865 [main] Steps - **********************Started login***************************
[INFO ] 2020-05-13 11:09:56.554 [main] Steps - *********************Verifying Dashboard title page*************************
